<?xml version="1.0" encoding="UTF-8"?>
<testng-results skipped="0" failed="0" ignored="0" total="0" passed="0">
  <reporter-output>
  </reporter-output>
  <suite name="SampleMaven.SampleMaven.AppTest" duration-ms="15" started-at="2021-09-03T13:15:02 IST" finished-at="2021-09-03T13:15:02 IST">
    <groups>
    </groups>
    <test name="Command line test" duration-ms="15" started-at="2021-09-03T13:15:02 IST" finished-at="2021-09-03T13:15:02 IST">
    </test> <!-- Command line test -->
  </suite> <!-- SampleMaven.SampleMaven.AppTest -->
</testng-results>
